<?xml version="1.0" encoding="utf-8"?><testsuites name="pytest tests"><testsuite name="pytest" errors="0" failures="0" skipped="0" tests="14" time="4.222" timestamp="2026-02-21T09:24:24.580199+00:00" hostname="agent-env-8778a936-df5a-451d-ae6b-d1f251676ca7"><testcase classname="backend.tests.test_registry_chat.TestAuthEndpoints" name="test_admin_login" time="0.470" /><testcase classname="backend.tests.test_registry_chat.TestAuthEndpoints" name="test_seller_login" time="0.421" /><testcase classname="backend.tests.test_registry_chat.TestAuthEndpoints" name="test_buyer_login" time="0.385" /><testcase classname="backend.tests.test_registry_chat.TestRegistryCRUD" name="test_get_registry_as_admin" time="0.551" /><testcase classname="backend.tests.test_registry_chat.TestRegistryCRUD" name="test_create_registry_entry_as_admin" time="0.115" /><testcase classname="backend.tests.test_registry_chat.TestRegistryCRUD" name="test_update_registry_entry_as_admin" time="0.267" /><testcase classname="backend.tests.test_registry_chat.TestRegistryCRUD" name="test_delete_registry_entry_as_admin" time="0.362" /><testcase classname="backend.tests.test_registry_chat.TestRegistryCRUD" name="test_seller_cannot_create_registry" time="0.504" /><testcase classname="backend.tests.test_registry_chat.TestRegistryShareholderView" name="test_shareholder_can_view_registry" time="0.110" /><testcase classname="backend.tests.test_registry_chat.TestAdminChat" name="test_send_message_to_admin" time="0.133" /><testcase classname="backend.tests.test_registry_chat.TestAdminChat" name="test_user_can_get_admin_chat" time="0.134" /><testcase classname="backend.tests.test_registry_chat.TestAdminChat" name="test_admin_can_view_all_chat_messages" time="0.119" /><testcase classname="backend.tests.test_registry_chat.TestAdminChat" name="test_admin_can_send_reply" time="0.119" /><testcase classname="backend.tests.test_registry_chat.TestCleanup" name="test_cleanup_test_registry_entries" time="0.355" /></testsuite></testsuites>